c:\users\felipe zwerchowski\desktop\ayyware full fixed-updated\release\autowall.obj
c:\users\felipe zwerchowski\desktop\ayyware full fixed-updated\release\dumping.obj
c:\users\felipe zwerchowski\desktop\ayyware full fixed-updated\release\hacks.obj
c:\users\felipe zwerchowski\desktop\ayyware full fixed-updated\release\mathfunctions.obj
c:\users\felipe zwerchowski\desktop\ayyware full fixed-updated\release\netvarmanager.obj
c:\users\felipe zwerchowski\desktop\ayyware full fixed-updated\release\spoofedconvar.obj
c:\users\felipe zwerchowski\desktop\ayyware full fixed-updated\release\visual.obj
c:\users\felipe zwerchowski\desktop\ayyware full fixed-updated\release\chams.obj
c:\users\felipe zwerchowski\desktop\ayyware full fixed-updated\release\crc32.obj
c:\users\felipe zwerchowski\desktop\ayyware full fixed-updated\release\gui.obj
c:\users\felipe zwerchowski\desktop\ayyware full fixed-updated\release\interfaces.obj
c:\users\felipe zwerchowski\desktop\ayyware full fixed-updated\release\metainfo.obj
c:\users\felipe zwerchowski\desktop\ayyware full fixed-updated\release\netvars.obj
c:\users\felipe zwerchowski\desktop\ayyware full fixed-updated\release\resolver.obj
c:\users\felipe zwerchowski\desktop\ayyware full fixed-updated\release\window.obj
c:\users\felipe zwerchowski\desktop\ayyware full fixed-updated\release\antiantiaim.obj
c:\users\felipe zwerchowski\desktop\ayyware full fixed-updated\release\esp.obj
c:\users\felipe zwerchowski\desktop\ayyware full fixed-updated\release\hooks.obj
c:\users\felipe zwerchowski\desktop\ayyware full fixed-updated\release\menu.obj
c:\users\felipe zwerchowski\desktop\ayyware full fixed-updated\release\offsets.obj
c:\users\felipe zwerchowski\desktop\ayyware full fixed-updated\release\rendermanager.obj
c:\users\felipe zwerchowski\desktop\ayyware full fixed-updated\release\util functions.obj
c:\users\felipe zwerchowski\desktop\ayyware full fixed-updated\release\controls.obj
c:\users\felipe zwerchowski\desktop\ayyware full fixed-updated\release\dllmain.obj
c:\users\felipe zwerchowski\desktop\ayyware full fixed-updated\release\reflectiveloader.obj
c:\users\felipe zwerchowski\desktop\ayyware full fixed-updated\release\legitbot.obj
c:\users\felipe zwerchowski\desktop\ayyware full fixed-updated\release\mischacks.obj
c:\users\felipe zwerchowski\desktop\ayyware full fixed-updated\release\ragebot.obj
c:\users\felipe zwerchowski\desktop\ayyware full fixed-updated\release\tinyxml2.obj
c:\users\felipe zwerchowski\desktop\ayyware full fixed-updated\release\utilities.obj
c:\users\felipe zwerchowski\desktop\ayyware full fixed-updated\release\vc142.pdb
c:\users\felpszz1\desktop\ayyware full fixed-updated\release\pasta.dll
c:\users\felpszz1\desktop\ayyware full fixed-updated\release\pasta.pdb
c:\users\felipe zwerchowski\desktop\ayyware full fixed-updated\release\pasta.dll
c:\users\felipe zwerchowski\desktop\ayyware full fixed-updated\release\pasta.pdb
c:\users\felpszz1\desktop\ayyware full fixed-updated\release\pasta.lib
c:\users\felpszz1\desktop\ayyware full fixed-updated\release\pasta.exp
c:\users\felipe zwerchowski\desktop\ayyware full fixed-updated\release\pasta.lib
c:\users\felipe zwerchowski\desktop\ayyware full fixed-updated\release\pasta.exp
c:\users\felipe zwerchowski\desktop\ayyware full fixed-updated\release\vc141.pdb
c:\users\felipe zwerchowski\desktop\ayyware full fixed-updated\release\revengerproject.tlog\cl.command.1.tlog
c:\users\felipe zwerchowski\desktop\ayyware full fixed-updated\release\revengerproject.tlog\cl.read.1.tlog
c:\users\felipe zwerchowski\desktop\ayyware full fixed-updated\release\revengerproject.tlog\cl.write.1.tlog
c:\users\felipe zwerchowski\desktop\ayyware full fixed-updated\release\revengerproject.tlog\link.command.1.tlog
c:\users\felipe zwerchowski\desktop\ayyware full fixed-updated\release\revengerproject.tlog\link.delete.1.tlog
c:\users\felipe zwerchowski\desktop\ayyware full fixed-updated\release\revengerproject.tlog\link.read.1.tlog
c:\users\felipe zwerchowski\desktop\ayyware full fixed-updated\release\revengerproject.tlog\link.write.1.tlog
c:\users\felipe zwerchowski\desktop\ayyware full fixed-updated\release\revengerproject.tlog\revengerproject.write.1u.tlog
